<?xml version="1.0" encoding="UTF-8"?>
<testng-results skipped="0" failed="0" ignored="0" total="1" passed="1">
  <reporter-output>
  </reporter-output>
  <suite name="InternetBankingV1" duration-ms="26421" started-at="2021-10-21T16:52:03 IST" finished-at="2021-10-21T16:52:30 IST">
    <groups>
    </groups>
    <test name="BankingApp Test" duration-ms="26421" started-at="2021-10-21T16:52:03 IST" finished-at="2021-10-21T16:52:30 IST">
      <class name="com.inetbanking.testCases.TC_AddCustomerTest_003">
        <test-method status="PASS" signature="setup(java.lang.String)[pri:0, instance:com.inetbanking.testCases.TC_AddCustomerTest_003@4232c52b]" name="setup" is-config="true" duration-ms="7638" started-at="2021-10-21T16:52:04 IST" finished-at="2021-10-21T16:52:11 IST">
          <params>
            <param index="0">
              <value>
                <![CDATA[chrome]]>
              </value>
            </param>
          </params>
          <reporter-output>
          </reporter-output>
        </test-method> <!-- setup -->
        <test-method status="PASS" signature="addNewCustomer()[pri:0, instance:com.inetbanking.testCases.TC_AddCustomerTest_003@4232c52b]" name="addNewCustomer" duration-ms="17807" started-at="2021-10-21T16:52:11 IST" finished-at="2021-10-21T16:52:29 IST">
          <reporter-output>
          </reporter-output>
        </test-method> <!-- addNewCustomer -->
        <test-method status="PASS" signature="tearDown()[pri:0, instance:com.inetbanking.testCases.TC_AddCustomerTest_003@4232c52b]" name="tearDown" is-config="true" duration-ms="799" started-at="2021-10-21T16:52:29 IST" finished-at="2021-10-21T16:52:30 IST">
          <reporter-output>
          </reporter-output>
        </test-method> <!-- tearDown -->
      </class> <!-- com.inetbanking.testCases.TC_AddCustomerTest_003 -->
    </test> <!-- BankingApp Test -->
  </suite> <!-- InternetBankingV1 -->
</testng-results>
